sysbench 1.0.11 (using system LuaJIT 2.1.0-beta3)

Running the test with following options:
Number of threads: 1
Initializing random number generator from current time


Prime numbers limit: 10000

Initializing worker threads...

Threads started!

CPU speed:
    events per second:  1407.82

General statistics:
    total time:                          10.0001s
    total number of events:              14080

Latency (ms):
         min:                                  0.70
         avg:                                  0.71
         max:                                  2.59
         95th percentile:                      0.74
         sum:                               9998.09

Threads fairness:
    events (avg/stddev):           14080.0000/0.00
    execution time (avg/stddev):   9.9981/0.00

